2024-01-25 14:57:47,117 - __main__ - INFO - Starting GAN model training.
2024-01-25 14:57:47,117 - __main__ - INFO - Generator Model Defined
2024-01-25 14:57:47,127 - __main__ - INFO - Generator Data Shape # torch.Size([64, 1, 28, 28]) 
2024-01-25 15:08:29,112 - root - INFO - Discriminator is being defined
2024-01-25 15:08:29,114 - root - INFO - Noise samples: tensor([[ 0.3327, -0.4292, -1.5965,  ..., -1.4361,  1.6870, -1.1317],
        [-1.9132, -1.9214,  0.3343,  ...,  1.0114, -1.2965,  0.8140],
        [ 0.0735,  1.4802, -0.2204,  ...,  0.7530, -0.1005,  0.2566],
        ...,
        [-0.3348, -1.7671,  0.3626,  ..., -1.3175, -0.5154, -0.5341],
        [-0.8708,  2.1383,  1.6561,  ..., -1.5303,  0.3492,  1.0171],
        [ 0.9330,  0.0453,  0.8811,  ...,  0.4538,  0.2835,  0.5580]])
2024-01-25 15:08:29,114 - root - INFO - Generator model is called to generate the dataset
2024-01-25 15:08:29,122 - root - INFO - The shape of fake samples # torch.Size([64, 1])
2024-01-25 15:09:00,941 - root - INFO - Discriminator is being defined
2024-01-25 15:09:00,942 - root - INFO - Noise samples: tensor([[ 1.2281,  0.0557,  1.2487,  ...,  0.0772, -0.5517, -0.7471],
        [ 0.2538,  0.2783,  1.3077,  ...,  0.2438,  0.4013, -0.0767],
        [-0.4917, -0.3209, -0.6172,  ...,  0.4296, -0.1473, -0.9561],
        ...,
        [-0.0107, -0.5509,  0.3323,  ...,  0.2218, -1.3764,  1.1063],
        [-0.7862, -0.3330,  0.5951,  ...,  0.3243,  0.3786,  0.6283],
        [-0.9384, -0.6138, -0.9621,  ..., -1.5286,  0.1832, -0.6179]])
2024-01-25 15:09:00,942 - root - INFO - Generator model is called to generate the dataset
2024-01-25 15:09:00,950 - root - INFO - The shape of fake samples # torch.Size([64, 1])
2024-01-25 15:11:15,473 - __main__ - INFO - Starting GAN model training.
2024-01-25 15:11:15,474 - __main__ - INFO - Generator Model Defined
2024-01-25 15:11:15,479 - __main__ - INFO - Generator Data Shape # torch.Size([64, 1, 28, 28]) 
